Сборка начата 01.12.2025 10:20:32.
Уровень детализации журнала: Normal.     1>Проект "C:\Users\user\Desktop\ВРПО\laba_5_vrpo\laba_5_vrpo.vcxproj" в узле 3 (целевые объекты Build).
     1>PrepareForBuild:
         Структурированный вывод включен. Форматирование диагностики компилятора будет отражать иерархию ошибок. Подробнее см. https://aka.ms/cpp/structured-output.
       InitializeBuildStatus:
         Создание "laba_5_vrpo\x64\Debug\laba_5_vrpo.tlog\unsuccessfulbuild", так как было задано "AlwaysCreate".
         Обращение к "laba_5_vrpo\x64\Debug\laba_5_vrpo.tlog\unsuccessfulbuild".
       ClCompile:
         C:\Program Files\Microsoft Visual Studio\2022\Community\VC\Tools\MSVC\14.44.35207\bin\HostX64\x64\CL.exe /c /ZI /JMC /nologo /W3 /WX- /diagnostics:column /sdl /Od /D _DEBUG /D _CONSOLE /D _UNICODE /D UNICODE /Gm- /EHsc /RTC1 /MDd /GS /fp:precise /Zc:wchar_t /Zc:forScope /Zc:inline /permissive- /Fo"laba_5_vrpo\x64\Debug\\" /Fd"laba_5_vrpo\x64\Debug\vc143.pdb" /external:W3 /Gd /TP /FC /errorReport:prompt file_sum.cpp laba_5_vrpo.cpp file_mul.cpp
         file_sum.cpp
         laba_5_vrpo.cpp
         file_mul.cpp
         Создание кода...
       Link:
         C:\Program Files\Microsoft Visual Studio\2022\Community\VC\Tools\MSVC\14.44.35207\bin\HostX64\x64\link.exe /ERRORREPORT:PROMPT /OUT:"C:\Users\user\Desktop\ВРПО\laba_5_vrpo\x64\Debug\laba_5_vrpo.exe" /INCREMENTAL /ILK:"laba_5_vrpo\x64\Debug\laba_5_vrpo.ilk" /NOLOGO kernel32.lib user32.lib gdi32.lib winspool.lib comdlg32.lib advapi32.lib shell32.lib ole32.lib oleaut32.lib uuid.lib odbc32.lib odbccp32.lib /MANIFEST /MANIFESTUAC:"level='asInvoker' uiAccess='false'" /manifest:embed /DEBUG /PDB:"C:\Users\user\Desktop\ВРПО\laba_5_vrpo\x64\Debug\laba_5_vrpo.pdb" /SUBSYSTEM:CONSOLE /TLBID:1 /DYNAMICBASE /NXCOMPAT /IMPLIB:"C:\Users\user\Desktop\ВРПО\laba_5_vrpo\x64\Debug\laba_5_vrpo.lib" /MACHINE:X64 laba_5_vrpo\x64\Debug\file_sum.obj
         laba_5_vrpo\x64\Debug\laba_5_vrpo.obj
         laba_5_vrpo\x64\Debug\file_mul.obj
         laba_5_vrpo.vcxproj -> C:\Users\user\Desktop\ВРПО\laba_5_vrpo\x64\Debug\laba_5_vrpo.exe
       FinalizeBuildStatus:
         Файл "laba_5_vrpo\x64\Debug\laba_5_vrpo.tlog\unsuccessfulbuild" удаляется.
         Обращение к "laba_5_vrpo\x64\Debug\laba_5_vrpo.tlog\laba_5_vrpo.lastbuildstate".
     1>Сборка проекта "C:\Users\user\Desktop\ВРПО\laba_5_vrpo\laba_5_vrpo.vcxproj" завершена (целевые объекты Build).

Сборка успешно завершена.
    Предупреждений: 0
    Ошибок: 0

Прошло времени 00:00:00.89
